<?xml version="1.0" encoding="UTF-8"?>
<testng-results ignored="0" total="1" passed="1" failed="0" skipped="0">
  <reporter-output>
  </reporter-output>
  <suite started-at="2022-05-10T20:37:02 EDT" name="Adhoc" finished-at="2022-05-10T20:37:07 EDT" duration-ms="4642">
    <groups>
    </groups>
    <test started-at="2022-05-10T20:37:02 EDT" name="Regression" finished-at="2022-05-10T20:37:07 EDT" duration-ms="4642">
      <class name="pit.AutomationTrainingProgram.broweser">
        <test-method is-config="true" signature="beforeClass()[pri:0, instance:pit.AutomationTrainingProgram.broweser@1ab3a8c8]" started-at="2022-05-10T20:37:02 EDT" name="beforeClass" finished-at="2022-05-10T20:37:06 EDT" duration-ms="3904" status="PASS">
          <reporter-output>
          </reporter-output>
        </test-method> <!-- beforeClass -->
        <test-method signature="f()[pri:0, instance:pit.AutomationTrainingProgram.broweser@1ab3a8c8]" started-at="2022-05-10T20:37:06 EDT" name="f" finished-at="2022-05-10T20:37:06 EDT" duration-ms="426" status="PASS">
          <reporter-output>
          </reporter-output>
        </test-method> <!-- f -->
        <test-method is-config="true" signature="afterClass()[pri:0, instance:pit.AutomationTrainingProgram.broweser@1ab3a8c8]" started-at="2022-05-10T20:37:06 EDT" name="afterClass" finished-at="2022-05-10T20:37:07 EDT" duration-ms="261" status="PASS">
          <reporter-output>
          </reporter-output>
        </test-method> <!-- afterClass -->
      </class> <!-- pit.AutomationTrainingProgram.broweser -->
    </test> <!-- Regression -->
  </suite> <!-- Adhoc -->
</testng-results>
